D:\USERS\JI.LI\DESKTOP\CPROJECT\DESIGNPATTERN\STATE\STATE\DEBUG\STATE.PCH
D:\USERS\JI.LI\DESKTOP\CPROJECT\DESIGNPATTERN\STATE\STATE\DEBUG\STDAFX.OBJ
D:\USERS\JI.LI\DESKTOP\CPROJECT\DESIGNPATTERN\STATE\STATE\DEBUG\VC110.PDB
D:\USERS\JI.LI\DESKTOP\CPROJECT\DESIGNPATTERN\STATE\STATE\DEBUG\HASQUARTERSTATE.OBJ
D:\USERS\JI.LI\DESKTOP\CPROJECT\DESIGNPATTERN\STATE\STATE\DEBUG\NOQUARTERSTATE.OBJ
D:\USERS\JI.LI\DESKTOP\CPROJECT\DESIGNPATTERN\STATE\STATE\DEBUG\SOLDOUTSTATE.OBJ
D:\USERS\JI.LI\DESKTOP\CPROJECT\DESIGNPATTERN\STATE\STATE\DEBUG\SOLDSTATE.OBJ
D:\USERS\JI.LI\DESKTOP\CPROJECT\DESIGNPATTERN\STATE\STATE\DEBUG\STATEINTERFACE.OBJ
d:\Users\ji.li\Desktop\CProject\DesignPattern\State\State\Debug\HasQuarterState.obj
d:\Users\ji.li\Desktop\CProject\DesignPattern\State\State\Debug\NoQuarterState.obj
d:\Users\ji.li\Desktop\CProject\DesignPattern\State\State\Debug\SoldOutState.obj
d:\Users\ji.li\Desktop\CProject\DesignPattern\State\State\Debug\SoldState.obj
d:\Users\ji.li\Desktop\CProject\DesignPattern\State\State\Debug\StateInterface.obj
d:\Users\ji.li\Desktop\CProject\DesignPattern\State\State\Debug\stdafx.obj
d:\Users\ji.li\Desktop\CProject\DesignPattern\State\State\Debug\cl.command.1.tlog
d:\Users\ji.li\Desktop\CProject\DesignPattern\State\State\Debug\CL.read.1.tlog
d:\Users\ji.li\Desktop\CProject\DesignPattern\State\State\Debug\CL.write.1.tlog
d:\Users\ji.li\Desktop\CProject\DesignPattern\State\State\Debug\State.pch
d:\Users\ji.li\Desktop\CProject\DesignPattern\State\State\Debug\vc110.idb
d:\Users\ji.li\Desktop\CProject\DesignPattern\State\State\Debug\vc110.pdb
