D:\USERS\JI.LI\DESKTOP\CPROJECT\DESIGNPATTERN\FACTORYMETHOD\FACTORYMETHOD\DEBUG\FACTORYMETHOD.PCH
D:\USERS\JI.LI\DESKTOP\CPROJECT\DESIGNPATTERN\FACTORYMETHOD\FACTORYMETHOD\DEBUG\STDAFX.OBJ
D:\USERS\JI.LI\DESKTOP\CPROJECT\DESIGNPATTERN\FACTORYMETHOD\FACTORYMETHOD\DEBUG\VC110.PDB
D:\USERS\JI.LI\DESKTOP\CPROJECT\DESIGNPATTERN\FACTORYMETHOD\FACTORYMETHOD\DEBUG\CHICAGOPIZZASTORE.OBJ
D:\USERS\JI.LI\DESKTOP\CPROJECT\DESIGNPATTERN\FACTORYMETHOD\FACTORYMETHOD\DEBUG\CHICAGOSTYLECHEESEPIZZA.OBJ
D:\USERS\JI.LI\DESKTOP\CPROJECT\DESIGNPATTERN\FACTORYMETHOD\FACTORYMETHOD\DEBUG\FACTORYMETHOD.OBJ
D:\USERS\JI.LI\DESKTOP\CPROJECT\DESIGNPATTERN\FACTORYMETHOD\FACTORYMETHOD\DEBUG\NYPIZZASTORE.OBJ
D:\USERS\JI.LI\DESKTOP\CPROJECT\DESIGNPATTERN\FACTORYMETHOD\FACTORYMETHOD\DEBUG\NYSTYLECHEESEPIZZA.OBJ
D:\USERS\JI.LI\DESKTOP\CPROJECT\DESIGNPATTERN\FACTORYMETHOD\FACTORYMETHOD\DEBUG\PIZZA.OBJ
D:\USERS\JI.LI\DESKTOP\CPROJECT\DESIGNPATTERN\FACTORYMETHOD\FACTORYMETHOD\DEBUG\PIZZASTORE.OBJ
D:\USERS\JI.LI\DESKTOP\CPROJECT\DESIGNPATTERN\FACTORYMETHOD\DEBUG\FACTORYMETHOD.ILK
D:\USERS\JI.LI\DESKTOP\CPROJECT\DESIGNPATTERN\FACTORYMETHOD\DEBUG\FACTORYMETHOD.EXE
D:\USERS\JI.LI\DESKTOP\CPROJECT\DESIGNPATTERN\FACTORYMETHOD\DEBUG\FACTORYMETHOD.PDB
d:\Users\ji.li\Desktop\CProject\DesignPattern\FactoryMethod\FactoryMethod\Debug\ChicagoPizzaStore.obj
d:\Users\ji.li\Desktop\CProject\DesignPattern\FactoryMethod\FactoryMethod\Debug\ChicagoStyleCheesePizza.obj
d:\Users\ji.li\Desktop\CProject\DesignPattern\FactoryMethod\FactoryMethod\Debug\FactoryMethod.obj
d:\Users\ji.li\Desktop\CProject\DesignPattern\FactoryMethod\FactoryMethod\Debug\NYPizzaStore.obj
d:\Users\ji.li\Desktop\CProject\DesignPattern\FactoryMethod\FactoryMethod\Debug\NYStyleCheesePizza.obj
d:\Users\ji.li\Desktop\CProject\DesignPattern\FactoryMethod\FactoryMethod\Debug\Pizza.obj
d:\Users\ji.li\Desktop\CProject\DesignPattern\FactoryMethod\FactoryMethod\Debug\PizzaStore.obj
d:\Users\ji.li\Desktop\CProject\DesignPattern\FactoryMethod\FactoryMethod\Debug\stdafx.obj
d:\Users\ji.li\Desktop\CProject\DesignPattern\FactoryMethod\FactoryMethod\Debug\cl.command.1.tlog
d:\Users\ji.li\Desktop\CProject\DesignPattern\FactoryMethod\FactoryMethod\Debug\CL.read.1.tlog
d:\Users\ji.li\Desktop\CProject\DesignPattern\FactoryMethod\FactoryMethod\Debug\CL.read.3.tlog
d:\Users\ji.li\Desktop\CProject\DesignPattern\FactoryMethod\FactoryMethod\Debug\CL.write.1.tlog
d:\Users\ji.li\Desktop\CProject\DesignPattern\FactoryMethod\FactoryMethod\Debug\link-cvtres.read.1.tlog
d:\Users\ji.li\Desktop\CProject\DesignPattern\FactoryMethod\FactoryMethod\Debug\link-cvtres.write.1.tlog
d:\Users\ji.li\Desktop\CProject\DesignPattern\FactoryMethod\FactoryMethod\Debug\link-rc.read.1.tlog
d:\Users\ji.li\Desktop\CProject\DesignPattern\FactoryMethod\FactoryMethod\Debug\link-rc.write.1.tlog
d:\Users\ji.li\Desktop\CProject\DesignPattern\FactoryMethod\FactoryMethod\Debug\link.command.1.tlog
d:\Users\ji.li\Desktop\CProject\DesignPattern\FactoryMethod\FactoryMethod\Debug\link.read.1.tlog
d:\Users\ji.li\Desktop\CProject\DesignPattern\FactoryMethod\FactoryMethod\Debug\link.read.2.tlog
d:\Users\ji.li\Desktop\CProject\DesignPattern\FactoryMethod\FactoryMethod\Debug\link.read.3.tlog
d:\Users\ji.li\Desktop\CProject\DesignPattern\FactoryMethod\FactoryMethod\Debug\link.read.4.tlog
d:\Users\ji.li\Desktop\CProject\DesignPattern\FactoryMethod\FactoryMethod\Debug\link.write.1.tlog
d:\Users\ji.li\Desktop\CProject\DesignPattern\FactoryMethod\FactoryMethod\Debug\FactoryMethod.pch
d:\Users\ji.li\Desktop\CProject\DesignPattern\FactoryMethod\FactoryMethod\Debug\vc110.idb
d:\Users\ji.li\Desktop\CProject\DesignPattern\FactoryMethod\FactoryMethod\Debug\vc110.pdb
d:\Users\ji.li\Desktop\CProject\DesignPattern\FactoryMethod\Debug\FactoryMethod.pdb
d:\Users\ji.li\Desktop\CProject\DesignPattern\FactoryMethod\Debug\FactoryMethod.exe
d:\Users\ji.li\Desktop\CProject\DesignPattern\FactoryMethod\Debug\FactoryMethod.ilk
