D:\USERS\JI.LI\DESKTOP\CPROJECT\DESIGNPATTERN\STRATEGY\STRATEGY\DEBUG\STRATEGY.PCH
D:\USERS\JI.LI\DESKTOP\CPROJECT\DESIGNPATTERN\STRATEGY\STRATEGY\DEBUG\STDAFX.OBJ
D:\USERS\JI.LI\DESKTOP\CPROJECT\DESIGNPATTERN\STRATEGY\STRATEGY\DEBUG\VC110.PDB
D:\USERS\JI.LI\DESKTOP\CPROJECT\DESIGNPATTERN\STRATEGY\STRATEGY\DEBUG\FLYBEHAVIOR.OBJ
D:\USERS\JI.LI\DESKTOP\CPROJECT\DESIGNPATTERN\STRATEGY\STRATEGY\DEBUG\FLYNOWAY.OBJ
D:\USERS\JI.LI\DESKTOP\CPROJECT\DESIGNPATTERN\STRATEGY\STRATEGY\DEBUG\FLYWITHWINGS.OBJ
D:\USERS\JI.LI\DESKTOP\CPROJECT\DESIGNPATTERN\STRATEGY\STRATEGY\DEBUG\QUACK.OBJ
D:\USERS\JI.LI\DESKTOP\CPROJECT\DESIGNPATTERN\STRATEGY\STRATEGY\DEBUG\QUACKBEHAVIOR.OBJ
D:\USERS\JI.LI\DESKTOP\CPROJECT\DESIGNPATTERN\STRATEGY\STRATEGY\DEBUG\SQUEAK.OBJ
D:\USERS\JI.LI\DESKTOP\CPROJECT\DESIGNPATTERN\STRATEGY\STRATEGY\DEBUG\STRATEGY.OBJ
D:\USERS\JI.LI\DESKTOP\CPROJECT\DESIGNPATTERN\STRATEGY\STRATEGY\DEBUG\DUCK.OBJ
D:\USERS\JI.LI\DESKTOP\CPROJECT\DESIGNPATTERN\STRATEGY\STRATEGY\DEBUG\MODELDUCK.OBJ
D:\USERS\JI.LI\DESKTOP\CPROJECT\DESIGNPATTERN\STRATEGY\DEBUG\STRATEGY.ILK
D:\USERS\JI.LI\DESKTOP\CPROJECT\DESIGNPATTERN\STRATEGY\DEBUG\STRATEGY.EXE
D:\USERS\JI.LI\DESKTOP\CPROJECT\DESIGNPATTERN\STRATEGY\DEBUG\STRATEGY.PDB
d:\Users\ji.li\Desktop\CProject\DesignPattern\Strategy\Strategy\Debug\Duck.obj
d:\Users\ji.li\Desktop\CProject\DesignPattern\Strategy\Strategy\Debug\FlyBehavior.obj
d:\Users\ji.li\Desktop\CProject\DesignPattern\Strategy\Strategy\Debug\FlyNoWay.obj
d:\Users\ji.li\Desktop\CProject\DesignPattern\Strategy\Strategy\Debug\FlyWithWings.obj
d:\Users\ji.li\Desktop\CProject\DesignPattern\Strategy\Strategy\Debug\ModelDuck.obj
d:\Users\ji.li\Desktop\CProject\DesignPattern\Strategy\Strategy\Debug\Quack.obj
d:\Users\ji.li\Desktop\CProject\DesignPattern\Strategy\Strategy\Debug\QuackBehavior.obj
d:\Users\ji.li\Desktop\CProject\DesignPattern\Strategy\Strategy\Debug\Squeak.obj
d:\Users\ji.li\Desktop\CProject\DesignPattern\Strategy\Strategy\Debug\stdafx.obj
d:\Users\ji.li\Desktop\CProject\DesignPattern\Strategy\Strategy\Debug\Strategy.obj
d:\Users\ji.li\Desktop\CProject\DesignPattern\Strategy\Strategy\Debug\cl.command.1.tlog
d:\Users\ji.li\Desktop\CProject\DesignPattern\Strategy\Strategy\Debug\CL.read.1.tlog
d:\Users\ji.li\Desktop\CProject\DesignPattern\Strategy\Strategy\Debug\CL.write.1.tlog
d:\Users\ji.li\Desktop\CProject\DesignPattern\Strategy\Strategy\Debug\link-cvtres.read.1.tlog
d:\Users\ji.li\Desktop\CProject\DesignPattern\Strategy\Strategy\Debug\link-cvtres.write.1.tlog
d:\Users\ji.li\Desktop\CProject\DesignPattern\Strategy\Strategy\Debug\link-rc.read.1.tlog
d:\Users\ji.li\Desktop\CProject\DesignPattern\Strategy\Strategy\Debug\link-rc.write.1.tlog
d:\Users\ji.li\Desktop\CProject\DesignPattern\Strategy\Strategy\Debug\link.39280-cvtres.read.1.tlog
d:\Users\ji.li\Desktop\CProject\DesignPattern\Strategy\Strategy\Debug\link.39280-cvtres.write.1.tlog
d:\Users\ji.li\Desktop\CProject\DesignPattern\Strategy\Strategy\Debug\link.39280-rc.read.1.tlog
d:\Users\ji.li\Desktop\CProject\DesignPattern\Strategy\Strategy\Debug\link.39280-rc.write.1.tlog
d:\Users\ji.li\Desktop\CProject\DesignPattern\Strategy\Strategy\Debug\link.39280.read.1.tlog
d:\Users\ji.li\Desktop\CProject\DesignPattern\Strategy\Strategy\Debug\link.39280.write.1.tlog
d:\Users\ji.li\Desktop\CProject\DesignPattern\Strategy\Strategy\Debug\link.command.1.tlog
d:\Users\ji.li\Desktop\CProject\DesignPattern\Strategy\Strategy\Debug\link.read.1.tlog
d:\Users\ji.li\Desktop\CProject\DesignPattern\Strategy\Strategy\Debug\link.write.1.tlog
d:\Users\ji.li\Desktop\CProject\DesignPattern\Strategy\Strategy\Debug\Strategy.pch
d:\Users\ji.li\Desktop\CProject\DesignPattern\Strategy\Strategy\Debug\vc110.idb
d:\Users\ji.li\Desktop\CProject\DesignPattern\Strategy\Strategy\Debug\vc110.pdb
d:\Users\ji.li\Desktop\CProject\DesignPattern\Strategy\Debug\Strategy.pdb
d:\Users\ji.li\Desktop\CProject\DesignPattern\Strategy\Debug\Strategy.exe
d:\Users\ji.li\Desktop\CProject\DesignPattern\Strategy\Debug\Strategy.ilk
