生成启动时间为 2019/1/24 19:16:48。
     1>项目“d:\Users\ji.li\Desktop\CProject\DesignPattern\Strategy\Strategy\Strategy.vcxproj”在节点 2 上(Build 个目标)。
     1>ClCompile:
         D:\Visual Studio 2012\VC\bin\CL.exe /c /ZI /nologo /W3 /WX- /sdl /Od /Oy- /D WIN32 /D _DEBUG /D _CONSOLE /D _UNICODE /D UNICODE /Gm /EHsc /RTC1 /MDd /GS /fp:precise /Zc:wchar_t /Zc:forScope /Yu"stdafx.h" /Fp"Debug\Strategy.pch" /Fo"Debug\\" /Fd"Debug\vc110.pdb" /Gd /TP /analyze- /errorReport:prompt Strategy.cpp
         Strategy.cpp
       Link:
         D:\Visual Studio 2012\VC\bin\link.exe /ERRORREPORT:PROMPT /OUT:"d:\Users\ji.li\Desktop\CProject\DesignPattern\Strategy\Debug\Strategy.exe" /INCREMENTAL /NOLOGO kernel32.lib user32.lib gdi32.lib winspool.lib comdlg32.lib advapi32.lib shell32.lib ole32.lib oleaut32.lib uuid.lib odbc32.lib odbccp32.lib /MANIFEST /MANIFESTUAC:"level='asInvoker' uiAccess='false'" /manifest:embed /DEBUG /PDB:"d:\Users\ji.li\Desktop\CProject\DesignPattern\Strategy\Debug\Strategy.pdb" /SUBSYSTEM:CONSOLE /TLBID:1 /DYNAMICBASE /NXCOMPAT /IMPLIB:"d:\Users\ji.li\Desktop\CProject\DesignPattern\Strategy\Debug\Strategy.lib" /MACHINE:X86 Debug\Duck.obj
         Debug\FlyBehavior.obj
         Debug\FlyNoWay.obj
         Debug\FlyWithWings.obj
         Debug\ModelDuck.obj
         Debug\Quack.obj
         Debug\QuackBehavior.obj
         Debug\Squeak.obj
         Debug\stdafx.obj
         Debug\Strategy.obj
         Strategy.vcxproj -> d:\Users\ji.li\Desktop\CProject\DesignPattern\Strategy\Debug\Strategy.exe
     1>已完成生成项目“d:\Users\ji.li\Desktop\CProject\DesignPattern\Strategy\Strategy\Strategy.vcxproj”(Build 个目标)的操作。

生成成功。

已用时间 00:00:01.47
