D:\USERS\JI.LI\DESKTOP\CPROJECT\DESIGNPATTERN\DECORATOR\DECORATOR\DEBUG\DECORATOR.PCH
D:\USERS\JI.LI\DESKTOP\CPROJECT\DESIGNPATTERN\DECORATOR\DECORATOR\DEBUG\STDAFX.OBJ
D:\USERS\JI.LI\DESKTOP\CPROJECT\DESIGNPATTERN\DECORATOR\DECORATOR\DEBUG\VC110.PDB
D:\USERS\JI.LI\DESKTOP\CPROJECT\DESIGNPATTERN\DECORATOR\DECORATOR\DEBUG\BEVERAGE.OBJ
D:\USERS\JI.LI\DESKTOP\CPROJECT\DESIGNPATTERN\DECORATOR\DECORATOR\DEBUG\CONDIMENTDECORATOR.OBJ
D:\USERS\JI.LI\DESKTOP\CPROJECT\DESIGNPATTERN\DECORATOR\DECORATOR\DEBUG\DECORATOR.OBJ
D:\USERS\JI.LI\DESKTOP\CPROJECT\DESIGNPATTERN\DECORATOR\DECORATOR\DEBUG\ESPRESSO.OBJ
D:\USERS\JI.LI\DESKTOP\CPROJECT\DESIGNPATTERN\DECORATOR\DECORATOR\DEBUG\HOUSEBLEND.OBJ
D:\USERS\JI.LI\DESKTOP\CPROJECT\DESIGNPATTERN\DECORATOR\DECORATOR\DEBUG\MILK.OBJ
D:\USERS\JI.LI\DESKTOP\CPROJECT\DESIGNPATTERN\DECORATOR\DECORATOR\DEBUG\MOCHA.OBJ
D:\USERS\JI.LI\DESKTOP\CPROJECT\DESIGNPATTERN\DECORATOR\DEBUG\DECORATOR.ILK
D:\USERS\JI.LI\DESKTOP\CPROJECT\DESIGNPATTERN\DECORATOR\DEBUG\DECORATOR.EXE
D:\USERS\JI.LI\DESKTOP\CPROJECT\DESIGNPATTERN\DECORATOR\DEBUG\DECORATOR.PDB
d:\Users\ji.li\Desktop\CProject\DesignPattern\Decorator\Decorator\Debug\Beverage.obj
d:\Users\ji.li\Desktop\CProject\DesignPattern\Decorator\Decorator\Debug\CondimentDecorator.obj
d:\Users\ji.li\Desktop\CProject\DesignPattern\Decorator\Decorator\Debug\Decorator.obj
d:\Users\ji.li\Desktop\CProject\DesignPattern\Decorator\Decorator\Debug\Espresso.obj
d:\Users\ji.li\Desktop\CProject\DesignPattern\Decorator\Decorator\Debug\HouseBlend.obj
d:\Users\ji.li\Desktop\CProject\DesignPattern\Decorator\Decorator\Debug\Milk.obj
d:\Users\ji.li\Desktop\CProject\DesignPattern\Decorator\Decorator\Debug\Mocha.obj
d:\Users\ji.li\Desktop\CProject\DesignPattern\Decorator\Decorator\Debug\stdafx.obj
d:\Users\ji.li\Desktop\CProject\DesignPattern\Decorator\Decorator\Debug\cl.command.1.tlog
d:\Users\ji.li\Desktop\CProject\DesignPattern\Decorator\Decorator\Debug\CL.read.1.tlog
d:\Users\ji.li\Desktop\CProject\DesignPattern\Decorator\Decorator\Debug\CL.read.4.tlog
d:\Users\ji.li\Desktop\CProject\DesignPattern\Decorator\Decorator\Debug\CL.write.1.tlog
d:\Users\ji.li\Desktop\CProject\DesignPattern\Decorator\Decorator\Debug\link-cvtres.read.1.tlog
d:\Users\ji.li\Desktop\CProject\DesignPattern\Decorator\Decorator\Debug\link-cvtres.write.1.tlog
d:\Users\ji.li\Desktop\CProject\DesignPattern\Decorator\Decorator\Debug\link-rc.read.1.tlog
d:\Users\ji.li\Desktop\CProject\DesignPattern\Decorator\Decorator\Debug\link-rc.write.1.tlog
d:\Users\ji.li\Desktop\CProject\DesignPattern\Decorator\Decorator\Debug\link.command.1.tlog
d:\Users\ji.li\Desktop\CProject\DesignPattern\Decorator\Decorator\Debug\link.read.1.tlog
d:\Users\ji.li\Desktop\CProject\DesignPattern\Decorator\Decorator\Debug\link.read.2.tlog
d:\Users\ji.li\Desktop\CProject\DesignPattern\Decorator\Decorator\Debug\link.read.3.tlog
d:\Users\ji.li\Desktop\CProject\DesignPattern\Decorator\Decorator\Debug\link.read.4.tlog
d:\Users\ji.li\Desktop\CProject\DesignPattern\Decorator\Decorator\Debug\link.read.5.tlog
d:\Users\ji.li\Desktop\CProject\DesignPattern\Decorator\Decorator\Debug\link.write.1.tlog
d:\Users\ji.li\Desktop\CProject\DesignPattern\Decorator\Decorator\Debug\Decorator.pch
d:\Users\ji.li\Desktop\CProject\DesignPattern\Decorator\Decorator\Debug\vc110.idb
d:\Users\ji.li\Desktop\CProject\DesignPattern\Decorator\Decorator\Debug\vc110.pdb
d:\Users\ji.li\Desktop\CProject\DesignPattern\Decorator\Debug\Decorator.pdb
d:\Users\ji.li\Desktop\CProject\DesignPattern\Decorator\Debug\Decorator.exe
d:\Users\ji.li\Desktop\CProject\DesignPattern\Decorator\Debug\Decorator.ilk
