生成启动时间为 2019/1/29 11:23:17。
     1>项目“d:\Users\ji.li\Desktop\CProject\DesignPattern\Decorator\Decorator\Decorator.vcxproj”在节点 2 上(Build 个目标)。
     1>ClCompile:
         D:\Visual Studio 2012\VC\bin\CL.exe /c /ZI /nologo /W3 /WX- /sdl /Od /Oy- /D WIN32 /D _DEBUG /D _CONSOLE /D _UNICODE /D UNICODE /Gm /EHsc /RTC1 /MDd /GS /fp:precise /Zc:wchar_t /Zc:forScope /Yu"stdafx.h" /Fp"Debug\Decorator.pch" /Fo"Debug\\" /Fd"Debug\vc110.pdb" /Gd /TP /analyze- /errorReport:prompt Beverage.cpp CondimentDecorator.cpp Decorator.cpp Espresso.cpp HouseBlend.cpp Milk.cpp Mocha.cpp
         Mocha.cpp
         正在生成代码...
         正在跳过...(未检测到相关更改)
         Milk.cpp
         HouseBlend.cpp
         Espresso.cpp
         Decorator.cpp
         CondimentDecorator.cpp
         Beverage.cpp
       Link:
         D:\Visual Studio 2012\VC\bin\link.exe /ERRORREPORT:PROMPT /OUT:"d:\Users\ji.li\Desktop\CProject\DesignPattern\Decorator\Debug\Decorator.exe" /INCREMENTAL /NOLOGO kernel32.lib user32.lib gdi32.lib winspool.lib comdlg32.lib advapi32.lib shell32.lib ole32.lib oleaut32.lib uuid.lib odbc32.lib odbccp32.lib /MANIFEST /MANIFESTUAC:"level='asInvoker' uiAccess='false'" /manifest:embed /DEBUG /PDB:"d:\Users\ji.li\Desktop\CProject\DesignPattern\Decorator\Debug\Decorator.pdb" /SUBSYSTEM:CONSOLE /TLBID:1 /DYNAMICBASE /NXCOMPAT /IMPLIB:"d:\Users\ji.li\Desktop\CProject\DesignPattern\Decorator\Debug\Decorator.lib" /MACHINE:X86 Debug\Beverage.obj
         Debug\CondimentDecorator.obj
         Debug\Decorator.obj
         Debug\Espresso.obj
         Debug\HouseBlend.obj
         Debug\Milk.obj
         Debug\Mocha.obj
         Debug\stdafx.obj
         Decorator.vcxproj -> d:\Users\ji.li\Desktop\CProject\DesignPattern\Decorator\Debug\Decorator.exe
     1>已完成生成项目“d:\Users\ji.li\Desktop\CProject\DesignPattern\Decorator\Decorator\Decorator.vcxproj”(Build 个目标)的操作。

生成成功。

已用时间 00:00:01.76
