D:\USERS\JI.LI\DESKTOP\CPROJECT\DESIGNPATTERN\SINGLETON\SINGLETON\DEBUG\SINGLETON.PCH
D:\USERS\JI.LI\DESKTOP\CPROJECT\DESIGNPATTERN\SINGLETON\SINGLETON\DEBUG\STDAFX.OBJ
D:\USERS\JI.LI\DESKTOP\CPROJECT\DESIGNPATTERN\SINGLETON\SINGLETON\DEBUG\VC110.PDB
D:\USERS\JI.LI\DESKTOP\CPROJECT\DESIGNPATTERN\SINGLETON\SINGLETON\DEBUG\SINGLETON.OBJ
D:\USERS\JI.LI\DESKTOP\CPROJECT\DESIGNPATTERN\SINGLETON\SINGLETON\DEBUG\SINGLETON1.OBJ
D:\USERS\JI.LI\DESKTOP\CPROJECT\DESIGNPATTERN\SINGLETON\SINGLETON\DEBUG\SINGLETON2.OBJ
d:\Users\ji.li\Desktop\CProject\DesignPattern\Singleton\Singleton\Debug\Singleton.obj
d:\Users\ji.li\Desktop\CProject\DesignPattern\Singleton\Singleton\Debug\Singleton1.obj
d:\Users\ji.li\Desktop\CProject\DesignPattern\Singleton\Singleton\Debug\Singleton2.obj
d:\Users\ji.li\Desktop\CProject\DesignPattern\Singleton\Singleton\Debug\stdafx.obj
d:\Users\ji.li\Desktop\CProject\DesignPattern\Singleton\Singleton\Debug\cl.command.1.tlog
d:\Users\ji.li\Desktop\CProject\DesignPattern\Singleton\Singleton\Debug\CL.read.1.tlog
d:\Users\ji.li\Desktop\CProject\DesignPattern\Singleton\Singleton\Debug\CL.read.4.tlog
d:\Users\ji.li\Desktop\CProject\DesignPattern\Singleton\Singleton\Debug\CL.write.1.tlog
d:\Users\ji.li\Desktop\CProject\DesignPattern\Singleton\Singleton\Debug\link-cvtres.read.1.tlog
d:\Users\ji.li\Desktop\CProject\DesignPattern\Singleton\Singleton\Debug\link-cvtres.write.1.tlog
d:\Users\ji.li\Desktop\CProject\DesignPattern\Singleton\Singleton\Debug\link-rc.read.1.tlog
d:\Users\ji.li\Desktop\CProject\DesignPattern\Singleton\Singleton\Debug\link-rc.write.1.tlog
d:\Users\ji.li\Desktop\CProject\DesignPattern\Singleton\Singleton\Debug\link.command.1.tlog
d:\Users\ji.li\Desktop\CProject\DesignPattern\Singleton\Singleton\Debug\link.read.1.tlog
d:\Users\ji.li\Desktop\CProject\DesignPattern\Singleton\Singleton\Debug\link.read.2.tlog
d:\Users\ji.li\Desktop\CProject\DesignPattern\Singleton\Singleton\Debug\link.read.4.tlog
d:\Users\ji.li\Desktop\CProject\DesignPattern\Singleton\Singleton\Debug\link.read.5.tlog
d:\Users\ji.li\Desktop\CProject\DesignPattern\Singleton\Singleton\Debug\link.write.1.tlog
d:\Users\ji.li\Desktop\CProject\DesignPattern\Singleton\Singleton\Debug\Singleton.pch
d:\Users\ji.li\Desktop\CProject\DesignPattern\Singleton\Singleton\Debug\vc110.idb
d:\Users\ji.li\Desktop\CProject\DesignPattern\Singleton\Singleton\Debug\vc110.pdb
d:\Users\ji.li\Desktop\CProject\DesignPattern\Singleton\Debug\Singleton.pdb
