D:\USERS\JI.LI\DESKTOP\CPROJECT\DESIGNPATTERN\COMPOSITE\COMPOSITE\DEBUG\COMPOSITE.PCH
D:\USERS\JI.LI\DESKTOP\CPROJECT\DESIGNPATTERN\COMPOSITE\COMPOSITE\DEBUG\STDAFX.OBJ
D:\USERS\JI.LI\DESKTOP\CPROJECT\DESIGNPATTERN\COMPOSITE\COMPOSITE\DEBUG\VC110.PDB
D:\USERS\JI.LI\DESKTOP\CPROJECT\DESIGNPATTERN\COMPOSITE\COMPOSITE\DEBUG\CITERATOR.OBJ
D:\USERS\JI.LI\DESKTOP\CPROJECT\DESIGNPATTERN\COMPOSITE\COMPOSITE\DEBUG\CMENU.OBJ
D:\USERS\JI.LI\DESKTOP\CPROJECT\DESIGNPATTERN\COMPOSITE\COMPOSITE\DEBUG\COMPOSITE.OBJ
D:\USERS\JI.LI\DESKTOP\CPROJECT\DESIGNPATTERN\COMPOSITE\COMPOSITE\DEBUG\COMPOSITEITERATOR.OBJ
D:\USERS\JI.LI\DESKTOP\CPROJECT\DESIGNPATTERN\COMPOSITE\COMPOSITE\DEBUG\MENUCOMPONENT.OBJ
D:\USERS\JI.LI\DESKTOP\CPROJECT\DESIGNPATTERN\COMPOSITE\COMPOSITE\DEBUG\MENUITEM.OBJ
D:\USERS\JI.LI\DESKTOP\CPROJECT\DESIGNPATTERN\COMPOSITE\COMPOSITE\DEBUG\NULLITERATOR.OBJ
D:\USERS\JI.LI\DESKTOP\CPROJECT\DESIGNPATTERN\COMPOSITE\COMPOSITE\DEBUG\WAITRESS.OBJ
D:\USERS\JI.LI\DESKTOP\CPROJECT\DESIGNPATTERN\COMPOSITE\DEBUG\COMPOSITE.ILK
D:\USERS\JI.LI\DESKTOP\CPROJECT\DESIGNPATTERN\COMPOSITE\DEBUG\COMPOSITE.EXE
D:\USERS\JI.LI\DESKTOP\CPROJECT\DESIGNPATTERN\COMPOSITE\DEBUG\COMPOSITE.PDB
d:\Users\ji.li\Desktop\CProject\DesignPattern\Composite\Composite\Debug\CIterator.obj
d:\Users\ji.li\Desktop\CProject\DesignPattern\Composite\Composite\Debug\CMenu.obj
d:\Users\ji.li\Desktop\CProject\DesignPattern\Composite\Composite\Debug\Composite.obj
d:\Users\ji.li\Desktop\CProject\DesignPattern\Composite\Composite\Debug\CompositeIterator.obj
d:\Users\ji.li\Desktop\CProject\DesignPattern\Composite\Composite\Debug\MenuComponent.obj
d:\Users\ji.li\Desktop\CProject\DesignPattern\Composite\Composite\Debug\MenuItem.obj
d:\Users\ji.li\Desktop\CProject\DesignPattern\Composite\Composite\Debug\NullIterator.obj
d:\Users\ji.li\Desktop\CProject\DesignPattern\Composite\Composite\Debug\stdafx.obj
d:\Users\ji.li\Desktop\CProject\DesignPattern\Composite\Composite\Debug\Waitress.obj
d:\Users\ji.li\Desktop\CProject\DesignPattern\Composite\Composite\Debug\cl.command.1.tlog
d:\Users\ji.li\Desktop\CProject\DesignPattern\Composite\Composite\Debug\CL.read.1.tlog
d:\Users\ji.li\Desktop\CProject\DesignPattern\Composite\Composite\Debug\CL.write.1.tlog
d:\Users\ji.li\Desktop\CProject\DesignPattern\Composite\Composite\Debug\link-cvtres.read.1.tlog
d:\Users\ji.li\Desktop\CProject\DesignPattern\Composite\Composite\Debug\link-cvtres.write.1.tlog
d:\Users\ji.li\Desktop\CProject\DesignPattern\Composite\Composite\Debug\link-rc.read.1.tlog
d:\Users\ji.li\Desktop\CProject\DesignPattern\Composite\Composite\Debug\link-rc.write.1.tlog
d:\Users\ji.li\Desktop\CProject\DesignPattern\Composite\Composite\Debug\link.command.1.tlog
d:\Users\ji.li\Desktop\CProject\DesignPattern\Composite\Composite\Debug\link.read.1.tlog
d:\Users\ji.li\Desktop\CProject\DesignPattern\Composite\Composite\Debug\link.write.1.tlog
d:\Users\ji.li\Desktop\CProject\DesignPattern\Composite\Composite\Debug\Composite.pch
d:\Users\ji.li\Desktop\CProject\DesignPattern\Composite\Composite\Debug\vc110.idb
d:\Users\ji.li\Desktop\CProject\DesignPattern\Composite\Composite\Debug\vc110.pdb
d:\Users\ji.li\Desktop\CProject\DesignPattern\Composite\Debug\Composite.pdb
d:\Users\ji.li\Desktop\CProject\DesignPattern\Composite\Debug\Composite.exe
d:\Users\ji.li\Desktop\CProject\DesignPattern\Composite\Debug\Composite.ilk
